<?xml version="1.0" encoding="UTF-8"?>
<testsuite xmlns:xsi="http://www.w3.org/2001/XMLSchema-instance" xsi:noNamespaceSchemaLocation="https://maven.apache.org/surefire/maven-surefire-plugin/xsd/surefire-test-report-3.0.xsd" version="3.0" name="TestSuite" time="23.795" tests="2" errors="0" skipped="0" failures="2">
  <properties>
    <property name="java.specification.version" value="23"/>
    <property name="webdriver.chrome.driver" value="/Users/amitkumarmohanta/.cache/selenium/chromedriver/mac-arm64/135.0.7049.84/chromedriver"/>
    <property name="sun.jnu.encoding" value="UTF-8"/>
    <property name="java.class.path" value="/Users/amitkumarmohanta/eclipse-workspace2/RestoreCucumber/target/test-classes:/Users/amitkumarmohanta/eclipse-workspace2/RestoreCucumber/target/classes:/Users/amitkumarmohanta/.m2/repository/io/cucumber/cucumber-java/7.13.0/cucumber-java-7.13.0.jar:/Users/amitkumarmohanta/.m2/repository/io/cucumber/cucumber-core/7.13.0/cucumber-core-7.13.0.jar:/Users/amitkumarmohanta/.m2/repository/io/cucumber/cucumber-gherkin/7.13.0/cucumber-gherkin-7.13.0.jar:/Users/amitkumarmohanta/.m2/repository/io/cucumber/cucumber-gherkin-messages/7.13.0/cucumber-gherkin-messages-7.13.0.jar:/Users/amitkumarmohanta/.m2/repository/io/cucumber/messages/22.0.0/messages-22.0.0.jar:/Users/amitkumarmohanta/.m2/repository/io/cucumber/tag-expressions/5.0.1/tag-expressions-5.0.1.jar:/Users/amitkumarmohanta/.m2/repository/io/cucumber/cucumber-expressions/16.1.2/cucumber-expressions-16.1.2.jar:/Users/amitkumarmohanta/.m2/repository/io/cucumber/datatable/7.13.0/datatable-7.13.0.jar:/Users/amitkumarmohanta/.m2/repository/io/cucumber/cucumber-plugin/7.13.0/cucumber-plugin-7.13.0.jar:/Users/amitkumarmohanta/.m2/repository/io/cucumber/docstring/7.13.0/docstring-7.13.0.jar:/Users/amitkumarmohanta/.m2/repository/io/cucumber/html-formatter/20.3.1/html-formatter-20.3.1.jar:/Users/amitkumarmohanta/.m2/repository/io/cucumber/junit-xml-formatter/0.2.0/junit-xml-formatter-0.2.0.jar:/Users/amitkumarmohanta/.m2/repository/io/cucumber/ci-environment/9.2.0/ci-environment-9.2.0.jar:/Users/amitkumarmohanta/.m2/repository/org/apiguardian/apiguardian-api/1.1.2/apiguardian-api-1.1.2.jar:/Users/amitkumarmohanta/.m2/repository/io/cucumber/cucumber-testng/7.13.0/cucumber-testng-7.13.0.jar:/Users/amitkumarmohanta/.m2/repository/org/testng/testng/7.9.0/testng-7.9.0.jar:/Users/amitkumarmohanta/.m2/repository/org/slf4j/slf4j-api/1.7.36/slf4j-api-1.7.36.jar:/Users/amitkumarmohanta/.m2/repository/com/beust/jcommander/1.82/jcommander-1.82.jar:/Users/amitkumarmohanta/.m2/repository/org/webjars/jquery/3.7.1/jquery-3.7.1.jar:/Users/amitkumarmohanta/.m2/repository/org/seleniumhq/selenium/selenium-grid/4.21.0/selenium-grid-4.21.0.jar:/Users/amitkumarmohanta/.m2/repository/com/google/auto/service/auto-service-annotations/1.1.1/auto-service-annotations-1.1.1.jar:/Users/amitkumarmohanta/.m2/repository/com/google/guava/guava/33.2.0-jre/guava-33.2.0-jre.jar:/Users/amitkumarmohanta/.m2/repository/com/google/guava/failureaccess/1.0.2/failureaccess-1.0.2.jar:/Users/amitkumarmohanta/.m2/repository/com/google/guava/listenablefuture/9999.0-empty-to-avoid-conflict-with-guava/listenablefuture-9999.0-empty-to-avoid-conflict-with-guava.jar:/Users/amitkumarmohanta/.m2/repository/com/google/code/findbugs/jsr305/3.0.2/jsr305-3.0.2.jar:/Users/amitkumarmohanta/.m2/repository/org/checkerframework/checker-qual/3.42.0/checker-qual-3.42.0.jar:/Users/amitkumarmohanta/.m2/repository/com/google/errorprone/error_prone_annotations/2.26.1/error_prone_annotations-2.26.1.jar:/Users/amitkumarmohanta/.m2/repository/com/google/j2objc/j2objc-annotations/3.0.0/j2objc-annotations-3.0.0.jar:/Users/amitkumarmohanta/.m2/repository/com/graphql-java/graphql-java/20.2/graphql-java-20.2.jar:/Users/amitkumarmohanta/.m2/repository/org/reactivestreams/reactive-streams/1.0.3/reactive-streams-1.0.3.jar:/Users/amitkumarmohanta/.m2/repository/com/graphql-java/java-dataloader/3.2.0/java-dataloader-3.2.0.jar:/Users/amitkumarmohanta/.m2/repository/dev/failsafe/failsafe/3.3.2/failsafe-3.3.2.jar:/Users/amitkumarmohanta/.m2/repository/io/netty/netty-buffer/4.1.109.Final/netty-buffer-4.1.109.Final.jar:/Users/amitkumarmohanta/.m2/repository/io/netty/netty-codec-http/4.1.109.Final/netty-codec-http-4.1.109.Final.jar:/Users/amitkumarmohanta/.m2/repository/io/netty/netty-codec/4.1.109.Final/netty-codec-4.1.109.Final.jar:/Users/amitkumarmohanta/.m2/repository/io/netty/netty-common/4.1.109.Final/netty-common-4.1.109.Final.jar:/Users/amitkumarmohanta/.m2/repository/io/netty/netty-handler/4.1.109.Final/netty-handler-4.1.109.Final.jar:/Users/amitkumarmohanta/.m2/repository/io/netty/netty-resolver/4.1.109.Final/netty-resolver-4.1.109.Final.jar:/Users/amitkumarmohanta/.m2/repository/io/netty/netty-transport-native-unix-common/4.1.109.Final/netty-transport-native-unix-common-4.1.109.Final.jar:/Users/amitkumarmohanta/.m2/repository/io/netty/netty-transport/4.1.109.Final/netty-transport-4.1.109.Final.jar:/Users/amitkumarmohanta/.m2/repository/io/ous/jtoml/2.0.0/jtoml-2.0.0.jar:/Users/amitkumarmohanta/.m2/repository/org/bouncycastle/bcpkix-jdk18on/1.78.1/bcpkix-jdk18on-1.78.1.jar:/Users/amitkumarmohanta/.m2/repository/org/bouncycastle/bcprov-jdk18on/1.78.1/bcprov-jdk18on-1.78.1.jar:/Users/amitkumarmohanta/.m2/repository/org/bouncycastle/bcutil-jdk18on/1.78.1/bcutil-jdk18on-1.78.1.jar:/Users/amitkumarmohanta/.m2/repository/org/seleniumhq/selenium/selenium-api/4.21.0/selenium-api-4.21.0.jar:/Users/amitkumarmohanta/.m2/repository/org/seleniumhq/selenium/selenium-edge-driver/4.21.0/selenium-edge-driver-4.21.0.jar:/Users/amitkumarmohanta/.m2/repository/org/seleniumhq/selenium/selenium-http/4.21.0/selenium-http-4.21.0.jar:/Users/amitkumarmohanta/.m2/repository/org/seleniumhq/selenium/selenium-ie-driver/4.21.0/selenium-ie-driver-4.21.0.jar:/Users/amitkumarmohanta/.m2/repository/org/seleniumhq/selenium/selenium-json/4.21.0/selenium-json-4.21.0.jar:/Users/amitkumarmohanta/.m2/repository/org/seleniumhq/selenium/selenium-manager/4.21.0/selenium-manager-4.21.0.jar:/Users/amitkumarmohanta/.m2/repository/org/seleniumhq/selenium/selenium-os/4.21.0/selenium-os-4.21.0.jar:/Users/amitkumarmohanta/.m2/repository/org/apache/commons/commons-exec/1.4.0/commons-exec-1.4.0.jar:/Users/amitkumarmohanta/.m2/repository/org/seleniumhq/selenium/selenium-remote-driver/4.21.0/selenium-remote-driver-4.21.0.jar:/Users/amitkumarmohanta/.m2/repository/io/opentelemetry/semconv/opentelemetry-semconv/1.25.0-alpha/opentelemetry-semconv-1.25.0-alpha.jar:/Users/amitkumarmohanta/.m2/repository/io/opentelemetry/opentelemetry-api/1.38.0/opentelemetry-api-1.38.0.jar:/Users/amitkumarmohanta/.m2/repository/io/opentelemetry/opentelemetry-context/1.38.0/opentelemetry-context-1.38.0.jar:/Users/amitkumarmohanta/.m2/repository/io/opentelemetry/opentelemetry-exporter-logging/1.38.0/opentelemetry-exporter-logging-1.38.0.jar:/Users/amitkumarmohanta/.m2/repository/io/opentelemetry/opentelemetry-sdk-common/1.38.0/opentelemetry-sdk-common-1.38.0.jar:/Users/amitkumarmohanta/.m2/repository/io/opentelemetry/opentelemetry-sdk-extension-autoconfigure-spi/1.38.0/opentelemetry-sdk-extension-autoconfigure-spi-1.38.0.jar:/Users/amitkumarmohanta/.m2/repository/io/opentelemetry/opentelemetry-sdk-extension-autoconfigure/1.38.0/opentelemetry-sdk-extension-autoconfigure-1.38.0.jar:/Users/amitkumarmohanta/.m2/repository/io/opentelemetry/opentelemetry-api-incubator/1.38.0-alpha/opentelemetry-api-incubator-1.38.0-alpha.jar:/Users/amitkumarmohanta/.m2/repository/io/opentelemetry/opentelemetry-sdk-trace/1.38.0/opentelemetry-sdk-trace-1.38.0.jar:/Users/amitkumarmohanta/.m2/repository/io/opentelemetry/opentelemetry-sdk/1.38.0/opentelemetry-sdk-1.38.0.jar:/Users/amitkumarmohanta/.m2/repository/io/opentelemetry/opentelemetry-sdk-metrics/1.38.0/opentelemetry-sdk-metrics-1.38.0.jar:/Users/amitkumarmohanta/.m2/repository/io/opentelemetry/opentelemetry-sdk-logs/1.38.0/opentelemetry-sdk-logs-1.38.0.jar:/Users/amitkumarmohanta/.m2/repository/net/bytebuddy/byte-buddy/1.14.15/byte-buddy-1.14.15.jar:/Users/amitkumarmohanta/.m2/repository/org/seleniumhq/selenium/selenium-safari-driver/4.21.0/selenium-safari-driver-4.21.0.jar:/Users/amitkumarmohanta/.m2/repository/org/seleniumhq/selenium/selenium-support/4.21.0/selenium-support-4.21.0.jar:/Users/amitkumarmohanta/.m2/repository/org/zeromq/jeromq/0.6.0/jeromq-0.6.0.jar:/Users/amitkumarmohanta/.m2/repository/eu/neilalexander/jnacl/1.0.0/jnacl-1.0.0.jar:/Users/amitkumarmohanta/.m2/repository/io/github/bonigarcia/webdrivermanager/5.8.0/webdrivermanager-5.8.0.jar:/Users/amitkumarmohanta/.m2/repository/com/google/code/gson/gson/2.10.1/gson-2.10.1.jar:/Users/amitkumarmohanta/.m2/repository/com/github/docker-java/docker-java/3.3.6/docker-java-3.3.6.jar:/Users/amitkumarmohanta/.m2/repository/com/github/docker-java/docker-java-core/3.3.6/docker-java-core-3.3.6.jar:/Users/amitkumarmohanta/.m2/repository/com/github/docker-java/docker-java-api/3.3.6/docker-java-api-3.3.6.jar:/Users/amitkumarmohanta/.m2/repository/com/fasterxml/jackson/core/jackson-annotations/2.10.3/jackson-annotations-2.10.3.jar:/Users/amitkumarmohanta/.m2/repository/com/fasterxml/jackson/core/jackson-databind/2.10.3/jackson-databind-2.10.3.jar:/Users/amitkumarmohanta/.m2/repository/com/fasterxml/jackson/core/jackson-core/2.10.3/jackson-core-2.10.3.jar:/Users/amitkumarmohanta/.m2/repository/org/slf4j/jcl-over-slf4j/1.7.30/jcl-over-slf4j-1.7.30.jar:/Users/amitkumarmohanta/.m2/repository/com/github/docker-java/docker-java-transport-httpclient5/3.3.6/docker-java-transport-httpclient5-3.3.6.jar:/Users/amitkumarmohanta/.m2/repository/com/github/docker-java/docker-java-transport/3.3.6/docker-java-transport-3.3.6.jar:/Users/amitkumarmohanta/.m2/repository/net/java/dev/jna/jna/5.13.0/jna-5.13.0.jar:/Users/amitkumarmohanta/.m2/repository/org/brotli/dec/0.1.2/dec-0.1.2.jar:/Users/amitkumarmohanta/.m2/repository/org/apache/commons/commons-lang3/3.14.0/commons-lang3-3.14.0.jar:/Users/amitkumarmohanta/.m2/repository/org/apache/commons/commons-compress/1.26.1/commons-compress-1.26.1.jar:/Users/amitkumarmohanta/.m2/repository/commons-codec/commons-codec/1.16.1/commons-codec-1.16.1.jar:/Users/amitkumarmohanta/.m2/repository/org/apache/httpcomponents/client5/httpclient5/5.2.1/httpclient5-5.2.1.jar:/Users/amitkumarmohanta/.m2/repository/org/apache/httpcomponents/core5/httpcore5/5.2/httpcore5-5.2.jar:/Users/amitkumarmohanta/.m2/repository/org/apache/httpcomponents/core5/httpcore5-h2/5.2/httpcore5-h2-5.2.jar:/Users/amitkumarmohanta/.m2/repository/org/seleniumhq/selenium/selenium-java/4.21.0/selenium-java-4.21.0.jar:/Users/amitkumarmohanta/.m2/repository/org/seleniumhq/selenium/selenium-devtools-v123/4.21.0/selenium-devtools-v123-4.21.0.jar:/Users/amitkumarmohanta/.m2/repository/org/seleniumhq/selenium/selenium-devtools-v124/4.21.0/selenium-devtools-v124-4.21.0.jar:/Users/amitkumarmohanta/.m2/repository/org/seleniumhq/selenium/selenium-devtools-v125/4.21.0/selenium-devtools-v125-4.21.0.jar:/Users/amitkumarmohanta/.m2/repository/org/seleniumhq/selenium/selenium-devtools-v85/4.21.0/selenium-devtools-v85-4.21.0.jar:/Users/amitkumarmohanta/.m2/repository/org/seleniumhq/selenium/selenium-devtools-v111/4.9.1/selenium-devtools-v111-4.9.1.jar:/Users/amitkumarmohanta/.m2/repository/com/google/auto/service/auto-service/1.0.1/auto-service-1.0.1.jar:/Users/amitkumarmohanta/.m2/repository/com/google/auto/auto-common/1.2/auto-common-1.2.jar:/Users/amitkumarmohanta/.m2/repository/org/seleniumhq/selenium/selenium-chrome-driver/4.21.0/selenium-chrome-driver-4.21.0.jar:/Users/amitkumarmohanta/.m2/repository/org/seleniumhq/selenium/selenium-chromium-driver/4.21.0/selenium-chromium-driver-4.21.0.jar:/Users/amitkumarmohanta/.m2/repository/org/seleniumhq/selenium/selenium-firefox-driver/4.21.0/selenium-firefox-driver-4.21.0.jar:/Users/amitkumarmohanta/.m2/repository/org/apache/poi/poi-ooxml/5.2.3/poi-ooxml-5.2.3.jar:/Users/amitkumarmohanta/.m2/repository/org/apache/poi/poi/5.2.3/poi-5.2.3.jar:/Users/amitkumarmohanta/.m2/repository/org/apache/commons/commons-math3/3.6.1/commons-math3-3.6.1.jar:/Users/amitkumarmohanta/.m2/repository/com/zaxxer/SparseBitSet/1.2/SparseBitSet-1.2.jar:/Users/amitkumarmohanta/.m2/repository/org/apache/poi/poi-ooxml-lite/5.2.3/poi-ooxml-lite-5.2.3.jar:/Users/amitkumarmohanta/.m2/repository/org/apache/xmlbeans/xmlbeans/5.1.1/xmlbeans-5.1.1.jar:/Users/amitkumarmohanta/.m2/repository/commons-io/commons-io/2.11.0/commons-io-2.11.0.jar:/Users/amitkumarmohanta/.m2/repository/com/github/virtuald/curvesapi/1.07/curvesapi-1.07.jar:/Users/amitkumarmohanta/.m2/repository/org/apache/logging/log4j/log4j-api/2.18.0/log4j-api-2.18.0.jar:/Users/amitkumarmohanta/.m2/repository/org/apache/commons/commons-collections4/4.4/commons-collections4-4.4.jar:/Users/amitkumarmohanta/.m2/repository/io/qameta/allure/allure-cucumber7-jvm/2.23.0/allure-cucumber7-jvm-2.23.0.jar:/Users/amitkumarmohanta/.m2/repository/io/qameta/allure/allure-java-commons/2.23.0/allure-java-commons-2.23.0.jar:/Users/amitkumarmohanta/.m2/repository/io/qameta/allure/allure-model/2.23.0/allure-model-2.23.0.jar:/Users/amitkumarmohanta/.m2/repository/io/cucumber/gherkin/26.2.0/gherkin-26.2.0.jar:"/>
    <property name="java.vm.vendor" value="Eclipse Adoptium"/>
    <property name="sun.arch.data.model" value="64"/>
    <property name="java.vendor.url" value="https://adoptium.net/"/>
    <property name="user.timezone" value="Asia/Kolkata"/>
    <property name="os.name" value="Mac OS X"/>
    <property name="java.vm.specification.version" value="23"/>
    <property name="sun.java.launcher" value="SUN_STANDARD"/>
    <property name="user.country" value="IN"/>
    <property name="sun.boot.library.path" value="/Users/amitkumarmohanta/.p2/pool/plugins/org.eclipse.justj.openjdk.hotspot.jre.full.macosx.aarch64_23.0.2.v20250131-0604/jre/lib"/>
    <property name="sun.java.command" value="/Users/amitkumarmohanta/eclipse-workspace2/RestoreCucumber/target/surefire/surefirebooter-20250412085910946_3.jar /Users/amitkumarmohanta/eclipse-workspace2/RestoreCucumber/target/surefire 2025-04-12T08-59-10_894-jvmRun1 surefire-20250412085910946_1tmp surefire_0-20250412085910946_2tmp"/>
    <property name="http.nonProxyHosts" value="local|*.local|169.254/16|*.169.254/16"/>
    <property name="jdk.debug" value="release"/>
    <property name="surefire.test.class.path" value="/Users/amitkumarmohanta/eclipse-workspace2/RestoreCucumber/target/test-classes:/Users/amitkumarmohanta/eclipse-workspace2/RestoreCucumber/target/classes:/Users/amitkumarmohanta/.m2/repository/io/cucumber/cucumber-java/7.13.0/cucumber-java-7.13.0.jar:/Users/amitkumarmohanta/.m2/repository/io/cucumber/cucumber-core/7.13.0/cucumber-core-7.13.0.jar:/Users/amitkumarmohanta/.m2/repository/io/cucumber/cucumber-gherkin/7.13.0/cucumber-gherkin-7.13.0.jar:/Users/amitkumarmohanta/.m2/repository/io/cucumber/cucumber-gherkin-messages/7.13.0/cucumber-gherkin-messages-7.13.0.jar:/Users/amitkumarmohanta/.m2/repository/io/cucumber/messages/22.0.0/messages-22.0.0.jar:/Users/amitkumarmohanta/.m2/repository/io/cucumber/tag-expressions/5.0.1/tag-expressions-5.0.1.jar:/Users/amitkumarmohanta/.m2/repository/io/cucumber/cucumber-expressions/16.1.2/cucumber-expressions-16.1.2.jar:/Users/amitkumarmohanta/.m2/repository/io/cucumber/datatable/7.13.0/datatable-7.13.0.jar:/Users/amitkumarmohanta/.m2/repository/io/cucumber/cucumber-plugin/7.13.0/cucumber-plugin-7.13.0.jar:/Users/amitkumarmohanta/.m2/repository/io/cucumber/docstring/7.13.0/docstring-7.13.0.jar:/Users/amitkumarmohanta/.m2/repository/io/cucumber/html-formatter/20.3.1/html-formatter-20.3.1.jar:/Users/amitkumarmohanta/.m2/repository/io/cucumber/junit-xml-formatter/0.2.0/junit-xml-formatter-0.2.0.jar:/Users/amitkumarmohanta/.m2/repository/io/cucumber/ci-environment/9.2.0/ci-environment-9.2.0.jar:/Users/amitkumarmohanta/.m2/repository/org/apiguardian/apiguardian-api/1.1.2/apiguardian-api-1.1.2.jar:/Users/amitkumarmohanta/.m2/repository/io/cucumber/cucumber-testng/7.13.0/cucumber-testng-7.13.0.jar:/Users/amitkumarmohanta/.m2/repository/org/testng/testng/7.9.0/testng-7.9.0.jar:/Users/amitkumarmohanta/.m2/repository/org/slf4j/slf4j-api/1.7.36/slf4j-api-1.7.36.jar:/Users/amitkumarmohanta/.m2/repository/com/beust/jcommander/1.82/jcommander-1.82.jar:/Users/amitkumarmohanta/.m2/repository/org/webjars/jquery/3.7.1/jquery-3.7.1.jar:/Users/amitkumarmohanta/.m2/repository/org/seleniumhq/selenium/selenium-grid/4.21.0/selenium-grid-4.21.0.jar:/Users/amitkumarmohanta/.m2/repository/com/google/auto/service/auto-service-annotations/1.1.1/auto-service-annotations-1.1.1.jar:/Users/amitkumarmohanta/.m2/repository/com/google/guava/guava/33.2.0-jre/guava-33.2.0-jre.jar:/Users/amitkumarmohanta/.m2/repository/com/google/guava/failureaccess/1.0.2/failureaccess-1.0.2.jar:/Users/amitkumarmohanta/.m2/repository/com/google/guava/listenablefuture/9999.0-empty-to-avoid-conflict-with-guava/listenablefuture-9999.0-empty-to-avoid-conflict-with-guava.jar:/Users/amitkumarmohanta/.m2/repository/com/google/code/findbugs/jsr305/3.0.2/jsr305-3.0.2.jar:/Users/amitkumarmohanta/.m2/repository/org/checkerframework/checker-qual/3.42.0/checker-qual-3.42.0.jar:/Users/amitkumarmohanta/.m2/repository/com/google/errorprone/error_prone_annotations/2.26.1/error_prone_annotations-2.26.1.jar:/Users/amitkumarmohanta/.m2/repository/com/google/j2objc/j2objc-annotations/3.0.0/j2objc-annotations-3.0.0.jar:/Users/amitkumarmohanta/.m2/repository/com/graphql-java/graphql-java/20.2/graphql-java-20.2.jar:/Users/amitkumarmohanta/.m2/repository/org/reactivestreams/reactive-streams/1.0.3/reactive-streams-1.0.3.jar:/Users/amitkumarmohanta/.m2/repository/com/graphql-java/java-dataloader/3.2.0/java-dataloader-3.2.0.jar:/Users/amitkumarmohanta/.m2/repository/dev/failsafe/failsafe/3.3.2/failsafe-3.3.2.jar:/Users/amitkumarmohanta/.m2/repository/io/netty/netty-buffer/4.1.109.Final/netty-buffer-4.1.109.Final.jar:/Users/amitkumarmohanta/.m2/repository/io/netty/netty-codec-http/4.1.109.Final/netty-codec-http-4.1.109.Final.jar:/Users/amitkumarmohanta/.m2/repository/io/netty/netty-codec/4.1.109.Final/netty-codec-4.1.109.Final.jar:/Users/amitkumarmohanta/.m2/repository/io/netty/netty-common/4.1.109.Final/netty-common-4.1.109.Final.jar:/Users/amitkumarmohanta/.m2/repository/io/netty/netty-handler/4.1.109.Final/netty-handler-4.1.109.Final.jar:/Users/amitkumarmohanta/.m2/repository/io/netty/netty-resolver/4.1.109.Final/netty-resolver-4.1.109.Final.jar:/Users/amitkumarmohanta/.m2/repository/io/netty/netty-transport-native-unix-common/4.1.109.Final/netty-transport-native-unix-common-4.1.109.Final.jar:/Users/amitkumarmohanta/.m2/repository/io/netty/netty-transport/4.1.109.Final/netty-transport-4.1.109.Final.jar:/Users/amitkumarmohanta/.m2/repository/io/ous/jtoml/2.0.0/jtoml-2.0.0.jar:/Users/amitkumarmohanta/.m2/repository/org/bouncycastle/bcpkix-jdk18on/1.78.1/bcpkix-jdk18on-1.78.1.jar:/Users/amitkumarmohanta/.m2/repository/org/bouncycastle/bcprov-jdk18on/1.78.1/bcprov-jdk18on-1.78.1.jar:/Users/amitkumarmohanta/.m2/repository/org/bouncycastle/bcutil-jdk18on/1.78.1/bcutil-jdk18on-1.78.1.jar:/Users/amitkumarmohanta/.m2/repository/org/seleniumhq/selenium/selenium-api/4.21.0/selenium-api-4.21.0.jar:/Users/amitkumarmohanta/.m2/repository/org/seleniumhq/selenium/selenium-edge-driver/4.21.0/selenium-edge-driver-4.21.0.jar:/Users/amitkumarmohanta/.m2/repository/org/seleniumhq/selenium/selenium-http/4.21.0/selenium-http-4.21.0.jar:/Users/amitkumarmohanta/.m2/repository/org/seleniumhq/selenium/selenium-ie-driver/4.21.0/selenium-ie-driver-4.21.0.jar:/Users/amitkumarmohanta/.m2/repository/org/seleniumhq/selenium/selenium-json/4.21.0/selenium-json-4.21.0.jar:/Users/amitkumarmohanta/.m2/repository/org/seleniumhq/selenium/selenium-manager/4.21.0/selenium-manager-4.21.0.jar:/Users/amitkumarmohanta/.m2/repository/org/seleniumhq/selenium/selenium-os/4.21.0/selenium-os-4.21.0.jar:/Users/amitkumarmohanta/.m2/repository/org/apache/commons/commons-exec/1.4.0/commons-exec-1.4.0.jar:/Users/amitkumarmohanta/.m2/repository/org/seleniumhq/selenium/selenium-remote-driver/4.21.0/selenium-remote-driver-4.21.0.jar:/Users/amitkumarmohanta/.m2/repository/io/opentelemetry/semconv/opentelemetry-semconv/1.25.0-alpha/opentelemetry-semconv-1.25.0-alpha.jar:/Users/amitkumarmohanta/.m2/repository/io/opentelemetry/opentelemetry-api/1.38.0/opentelemetry-api-1.38.0.jar:/Users/amitkumarmohanta/.m2/repository/io/opentelemetry/opentelemetry-context/1.38.0/opentelemetry-context-1.38.0.jar:/Users/amitkumarmohanta/.m2/repository/io/opentelemetry/opentelemetry-exporter-logging/1.38.0/opentelemetry-exporter-logging-1.38.0.jar:/Users/amitkumarmohanta/.m2/repository/io/opentelemetry/opentelemetry-sdk-common/1.38.0/opentelemetry-sdk-common-1.38.0.jar:/Users/amitkumarmohanta/.m2/repository/io/opentelemetry/opentelemetry-sdk-extension-autoconfigure-spi/1.38.0/opentelemetry-sdk-extension-autoconfigure-spi-1.38.0.jar:/Users/amitkumarmohanta/.m2/repository/io/opentelemetry/opentelemetry-sdk-extension-autoconfigure/1.38.0/opentelemetry-sdk-extension-autoconfigure-1.38.0.jar:/Users/amitkumarmohanta/.m2/repository/io/opentelemetry/opentelemetry-api-incubator/1.38.0-alpha/opentelemetry-api-incubator-1.38.0-alpha.jar:/Users/amitkumarmohanta/.m2/repository/io/opentelemetry/opentelemetry-sdk-trace/1.38.0/opentelemetry-sdk-trace-1.38.0.jar:/Users/amitkumarmohanta/.m2/repository/io/opentelemetry/opentelemetry-sdk/1.38.0/opentelemetry-sdk-1.38.0.jar:/Users/amitkumarmohanta/.m2/repository/io/opentelemetry/opentelemetry-sdk-metrics/1.38.0/opentelemetry-sdk-metrics-1.38.0.jar:/Users/amitkumarmohanta/.m2/repository/io/opentelemetry/opentelemetry-sdk-logs/1.38.0/opentelemetry-sdk-logs-1.38.0.jar:/Users/amitkumarmohanta/.m2/repository/net/bytebuddy/byte-buddy/1.14.15/byte-buddy-1.14.15.jar:/Users/amitkumarmohanta/.m2/repository/org/seleniumhq/selenium/selenium-safari-driver/4.21.0/selenium-safari-driver-4.21.0.jar:/Users/amitkumarmohanta/.m2/repository/org/seleniumhq/selenium/selenium-support/4.21.0/selenium-support-4.21.0.jar:/Users/amitkumarmohanta/.m2/repository/org/zeromq/jeromq/0.6.0/jeromq-0.6.0.jar:/Users/amitkumarmohanta/.m2/repository/eu/neilalexander/jnacl/1.0.0/jnacl-1.0.0.jar:/Users/amitkumarmohanta/.m2/repository/io/github/bonigarcia/webdrivermanager/5.8.0/webdrivermanager-5.8.0.jar:/Users/amitkumarmohanta/.m2/repository/com/google/code/gson/gson/2.10.1/gson-2.10.1.jar:/Users/amitkumarmohanta/.m2/repository/com/github/docker-java/docker-java/3.3.6/docker-java-3.3.6.jar:/Users/amitkumarmohanta/.m2/repository/com/github/docker-java/docker-java-core/3.3.6/docker-java-core-3.3.6.jar:/Users/amitkumarmohanta/.m2/repository/com/github/docker-java/docker-java-api/3.3.6/docker-java-api-3.3.6.jar:/Users/amitkumarmohanta/.m2/repository/com/fasterxml/jackson/core/jackson-annotations/2.10.3/jackson-annotations-2.10.3.jar:/Users/amitkumarmohanta/.m2/repository/com/fasterxml/jackson/core/jackson-databind/2.10.3/jackson-databind-2.10.3.jar:/Users/amitkumarmohanta/.m2/repository/com/fasterxml/jackson/core/jackson-core/2.10.3/jackson-core-2.10.3.jar:/Users/amitkumarmohanta/.m2/repository/org/slf4j/jcl-over-slf4j/1.7.30/jcl-over-slf4j-1.7.30.jar:/Users/amitkumarmohanta/.m2/repository/com/github/docker-java/docker-java-transport-httpclient5/3.3.6/docker-java-transport-httpclient5-3.3.6.jar:/Users/amitkumarmohanta/.m2/repository/com/github/docker-java/docker-java-transport/3.3.6/docker-java-transport-3.3.6.jar:/Users/amitkumarmohanta/.m2/repository/net/java/dev/jna/jna/5.13.0/jna-5.13.0.jar:/Users/amitkumarmohanta/.m2/repository/org/brotli/dec/0.1.2/dec-0.1.2.jar:/Users/amitkumarmohanta/.m2/repository/org/apache/commons/commons-lang3/3.14.0/commons-lang3-3.14.0.jar:/Users/amitkumarmohanta/.m2/repository/org/apache/commons/commons-compress/1.26.1/commons-compress-1.26.1.jar:/Users/amitkumarmohanta/.m2/repository/commons-codec/commons-codec/1.16.1/commons-codec-1.16.1.jar:/Users/amitkumarmohanta/.m2/repository/org/apache/httpcomponents/client5/httpclient5/5.2.1/httpclient5-5.2.1.jar:/Users/amitkumarmohanta/.m2/repository/org/apache/httpcomponents/core5/httpcore5/5.2/httpcore5-5.2.jar:/Users/amitkumarmohanta/.m2/repository/org/apache/httpcomponents/core5/httpcore5-h2/5.2/httpcore5-h2-5.2.jar:/Users/amitkumarmohanta/.m2/repository/org/seleniumhq/selenium/selenium-java/4.21.0/selenium-java-4.21.0.jar:/Users/amitkumarmohanta/.m2/repository/org/seleniumhq/selenium/selenium-devtools-v123/4.21.0/selenium-devtools-v123-4.21.0.jar:/Users/amitkumarmohanta/.m2/repository/org/seleniumhq/selenium/selenium-devtools-v124/4.21.0/selenium-devtools-v124-4.21.0.jar:/Users/amitkumarmohanta/.m2/repository/org/seleniumhq/selenium/selenium-devtools-v125/4.21.0/selenium-devtools-v125-4.21.0.jar:/Users/amitkumarmohanta/.m2/repository/org/seleniumhq/selenium/selenium-devtools-v85/4.21.0/selenium-devtools-v85-4.21.0.jar:/Users/amitkumarmohanta/.m2/repository/org/seleniumhq/selenium/selenium-devtools-v111/4.9.1/selenium-devtools-v111-4.9.1.jar:/Users/amitkumarmohanta/.m2/repository/com/google/auto/service/auto-service/1.0.1/auto-service-1.0.1.jar:/Users/amitkumarmohanta/.m2/repository/com/google/auto/auto-common/1.2/auto-common-1.2.jar:/Users/amitkumarmohanta/.m2/repository/org/seleniumhq/selenium/selenium-chrome-driver/4.21.0/selenium-chrome-driver-4.21.0.jar:/Users/amitkumarmohanta/.m2/repository/org/seleniumhq/selenium/selenium-chromium-driver/4.21.0/selenium-chromium-driver-4.21.0.jar:/Users/amitkumarmohanta/.m2/repository/org/seleniumhq/selenium/selenium-firefox-driver/4.21.0/selenium-firefox-driver-4.21.0.jar:/Users/amitkumarmohanta/.m2/repository/org/apache/poi/poi-ooxml/5.2.3/poi-ooxml-5.2.3.jar:/Users/amitkumarmohanta/.m2/repository/org/apache/poi/poi/5.2.3/poi-5.2.3.jar:/Users/amitkumarmohanta/.m2/repository/org/apache/commons/commons-math3/3.6.1/commons-math3-3.6.1.jar:/Users/amitkumarmohanta/.m2/repository/com/zaxxer/SparseBitSet/1.2/SparseBitSet-1.2.jar:/Users/amitkumarmohanta/.m2/repository/org/apache/poi/poi-ooxml-lite/5.2.3/poi-ooxml-lite-5.2.3.jar:/Users/amitkumarmohanta/.m2/repository/org/apache/xmlbeans/xmlbeans/5.1.1/xmlbeans-5.1.1.jar:/Users/amitkumarmohanta/.m2/repository/commons-io/commons-io/2.11.0/commons-io-2.11.0.jar:/Users/amitkumarmohanta/.m2/repository/com/github/virtuald/curvesapi/1.07/curvesapi-1.07.jar:/Users/amitkumarmohanta/.m2/repository/org/apache/logging/log4j/log4j-api/2.18.0/log4j-api-2.18.0.jar:/Users/amitkumarmohanta/.m2/repository/org/apache/commons/commons-collections4/4.4/commons-collections4-4.4.jar:/Users/amitkumarmohanta/.m2/repository/io/qameta/allure/allure-cucumber7-jvm/2.23.0/allure-cucumber7-jvm-2.23.0.jar:/Users/amitkumarmohanta/.m2/repository/io/qameta/allure/allure-java-commons/2.23.0/allure-java-commons-2.23.0.jar:/Users/amitkumarmohanta/.m2/repository/io/qameta/allure/allure-model/2.23.0/allure-model-2.23.0.jar:/Users/amitkumarmohanta/.m2/repository/io/cucumber/gherkin/26.2.0/gherkin-26.2.0.jar:"/>
    <property name="sun.cpu.endian" value="little"/>
    <property name="user.home" value="/Users/amitkumarmohanta"/>
    <property name="user.language" value="en"/>
    <property name="java.specification.vendor" value="Oracle Corporation"/>
    <property name="java.version.date" value="2025-01-21"/>
    <property name="java.home" value="/Users/amitkumarmohanta/.p2/pool/plugins/org.eclipse.justj.openjdk.hotspot.jre.full.macosx.aarch64_23.0.2.v20250131-0604/jre"/>
    <property name="file.separator" value="/"/>
    <property name="basedir" value="/Users/amitkumarmohanta/eclipse-workspace2/RestoreCucumber"/>
    <property name="style.color" value="always"/>
    <property name="java.vm.compressedOopsMode" value="Zero based"/>
    <property name="line.separator" value="&#10;"/>
    <property name="java.vm.specification.vendor" value="Oracle Corporation"/>
    <property name="java.specification.name" value="Java Platform API Specification"/>
    <property name="apple.awt.application.name" value="ForkedBooter"/>
    <property name="surefire.real.class.path" value="/Users/amitkumarmohanta/eclipse-workspace2/RestoreCucumber/target/surefire/surefirebooter-20250412085910946_3.jar"/>
    <property name="sun.management.compiler" value="HotSpot 64-Bit Tiered Compilers"/>
    <property name="ftp.nonProxyHosts" value="local|*.local|169.254/16|*.169.254/16"/>
    <property name="java.runtime.version" value="23.0.2+7"/>
    <property name="user.name" value="amitkumarmohanta"/>
    <property name="stdout.encoding" value="UTF-8"/>
    <property name="path.separator" value=":"/>
    <property name="os.version" value="14.3.1"/>
    <property name="java.runtime.name" value="OpenJDK Runtime Environment"/>
    <property name="file.encoding" value="UTF-8"/>
    <property name="java.vm.name" value="OpenJDK 64-Bit Server VM"/>
    <property name="java.vendor.version" value="Temurin-23.0.2+7"/>
    <property name="localRepository" value="/Users/amitkumarmohanta/.m2/repository"/>
    <property name="java.vendor.url.bug" value="https://github.com/adoptium/adoptium-support/issues"/>
    <property name="java.io.tmpdir" value="/var/folders/l1/wy5885w57x75y9sxw3_k_psr0000gn/T/"/>
    <property name="java.version" value="23.0.2"/>
    <property name="user.dir" value="/Users/amitkumarmohanta/eclipse-workspace2/RestoreCucumber"/>
    <property name="os.arch" value="aarch64"/>
    <property name="java.vm.specification.name" value="Java Virtual Machine Specification"/>
    <property name="native.encoding" value="UTF-8"/>
    <property name="java.library.path" value="/Users/amitkumarmohanta/Library/Java/Extensions:/Library/Java/Extensions:/Network/Library/Java/Extensions:/System/Library/Java/Extensions:/usr/lib/java:."/>
    <property name="java.vm.info" value="mixed mode, sharing"/>
    <property name="stderr.encoding" value="UTF-8"/>
    <property name="java.vendor" value="Eclipse Adoptium"/>
    <property name="java.vm.version" value="23.0.2+7"/>
    <property name="sun.io.unicode.encoding" value="UnicodeBig"/>
    <property name="socksNonProxyHosts" value="local|*.local|169.254/16|*.169.254/16"/>
    <property name="java.class.version" value="67.0"/>
  </properties>
  <testcase name="runScenario[&quot;Valid Login&quot;, &quot;Login functionality&quot;](1)" classname="testrunner.TestRunner" time="15.014">
    <failure message="expected [true] but found [false]" type="java.lang.AssertionError"><![CDATA[java.lang.AssertionError: expected [true] but found [false]
	at org.testng.Assert.fail(Assert.java:111)
	at org.testng.Assert.failNotEquals(Assert.java:1578)
	at org.testng.Assert.assertTrue(Assert.java:57)
	at org.testng.Assert.assertTrue(Assert.java:67)
	at stepdefinitions.LoginSteps.verify_homepage(LoginSteps.java:31)
	at ✽.user should land on homepage(file:///Users/amitkumarmohanta/eclipse-workspace2/RestoreCucumber/src/test/resources/features/login.feature:6)
]]></failure>
    <system-out><![CDATA[
Scenario: Valid Login                      # src/test/resources/features/login.feature:3
https://orthocare-provider.stage-insights.restoreskills.com/
  Given user is on login page              # stepdefinitions.LoginSteps.user_on_login_page()
  When user logs in with valid credentials # stepdefinitions.LoginSteps.user_logs_in()
  Then user should land on homepage        # stepdefinitions.LoginSteps.verify_homepage()
      java.lang.AssertionError: expected [true] but found [false]
	at org.testng.Assert.fail(Assert.java:111)
	at org.testng.Assert.failNotEquals(Assert.java:1578)
	at org.testng.Assert.assertTrue(Assert.java:57)
	at org.testng.Assert.assertTrue(Assert.java:67)
	at stepdefinitions.LoginSteps.verify_homepage(LoginSteps.java:31)
	at ✽.user should land on homepage(file:///Users/amitkumarmohanta/eclipse-workspace2/RestoreCucumber/src/test/resources/features/login.feature:6)

]]></system-out>
    <system-err><![CDATA[SLF4J: Failed to load class "org.slf4j.impl.StaticLoggerBinder".
SLF4J: Defaulting to no-operation (NOP) logger implementation
SLF4J: See http://www.slf4j.org/codes.html#StaticLoggerBinder for further details.
Apr 12, 2025 8:59:13 AM org.openqa.selenium.devtools.CdpVersionFinder findNearestMatch
WARNING: Unable to find CDP implementation matching 135
Apr 12, 2025 8:59:13 AM org.openqa.selenium.chromium.ChromiumDriver lambda$new$5
WARNING: Unable to find version of CDP to use for 135.0.7049.85. You may need to include a dependency on a specific version of the CDP using something similar to `org.seleniumhq.selenium:selenium-devtools-v86:4.21.0` where the version ("v86") matches the version of the chromium-based browser you're using and the version number of the artifact is the same as Selenium's.
]]></system-err>
  </testcase>
  <testcase name="runScenario[&quot;Invalid Password&quot;, &quot;Login functionality&quot;](2)" classname="testrunner.TestRunner" time="8.203">
    <failure message="The step &apos;user logs in with invalid Password&apos; and 1 other step(s) are undefined.&#10;You can implement these steps using the snippet(s) below:&#10;&#10;@When(&quot;user logs in with invalid Password&quot;)&#10;public void user_logs_in_with_invalid_password() {&#10;    // Write code here that turns the phrase above into concrete actions&#10;    throw new io.cucumber.java.PendingException();&#10;}&#10;@Then(&quot;user should land on login page&quot;)&#10;public void user_should_land_on_login_page() {&#10;    // Write code here that turns the phrase above into concrete actions&#10;    throw new io.cucumber.java.PendingException();&#10;}&#10;" type="io.cucumber.testng.UndefinedStepException"><![CDATA[io.cucumber.testng.UndefinedStepException: 
The step 'user logs in with invalid Password' and 1 other step(s) are undefined.
You can implement these steps using the snippet(s) below:

@When("user logs in with invalid Password")
public void user_logs_in_with_invalid_password() {
    // Write code here that turns the phrase above into concrete actions
    throw new io.cucumber.java.PendingException();
}
@Then("user should land on login page")
public void user_should_land_on_login_page() {
    // Write code here that turns the phrase above into concrete actions
    throw new io.cucumber.java.PendingException();
}

	at io.cucumber.core.runtime.TestCaseResultObserver.assertTestCasePassed(TestCaseResultObserver.java:69)
	at io.cucumber.testng.TestCaseResultObserver.assertTestCasePassed(TestCaseResultObserver.java:23)
	at io.cucumber.testng.TestNGCucumberRunner.lambda$runScenario$1(TestNGCucumberRunner.java:133)
	at io.cucumber.core.runtime.CucumberExecutionContext.lambda$runTestCase$5(CucumberExecutionContext.java:137)
	at io.cucumber.core.runtime.RethrowingThrowableCollector.executeAndThrow(RethrowingThrowableCollector.java:23)
	at io.cucumber.core.runtime.CucumberExecutionContext.runTestCase(CucumberExecutionContext.java:137)
	at io.cucumber.testng.TestNGCucumberRunner.runScenario(TestNGCucumberRunner.java:129)
	at io.cucumber.testng.AbstractTestNGCucumberTests.runScenario(AbstractTestNGCucumberTests.java:35)
	at java.base/jdk.internal.reflect.DirectMethodHandleAccessor.invoke(DirectMethodHandleAccessor.java:103)
	at java.base/java.lang.reflect.Method.invoke(Method.java:580)
	at org.testng.internal.invokers.MethodInvocationHelper.invokeMethod(MethodInvocationHelper.java:139)
	at org.testng.internal.invokers.TestInvoker.invokeMethod(TestInvoker.java:664)
	at org.testng.internal.invokers.TestInvoker.invokeTestMethod(TestInvoker.java:228)
	at org.testng.internal.invokers.MethodRunner.runInSequence(MethodRunner.java:63)
	at org.testng.internal.invokers.TestInvoker$MethodInvocationAgent.invoke(TestInvoker.java:961)
	at org.testng.internal.invokers.TestInvoker.invokeTestMethods(TestInvoker.java:201)
	at org.testng.internal.invokers.TestMethodWorker.invokeTestMethods(TestMethodWorker.java:148)
	at org.testng.internal.invokers.TestMethodWorker.run(TestMethodWorker.java:128)
	at java.base/java.util.ArrayList.forEach(ArrayList.java:1597)
	at org.testng.TestRunner.privateRun(TestRunner.java:819)
	at org.testng.TestRunner.run(TestRunner.java:619)
	at org.testng.SuiteRunner.runTest(SuiteRunner.java:443)
	at org.testng.SuiteRunner.runSequentially(SuiteRunner.java:437)
	at org.testng.SuiteRunner.privateRun(SuiteRunner.java:397)
	at org.testng.SuiteRunner.run(SuiteRunner.java:336)
	at org.testng.SuiteRunnerWorker.runSuite(SuiteRunnerWorker.java:52)
	at org.testng.SuiteRunnerWorker.run(SuiteRunnerWorker.java:95)
	at org.testng.TestNG.runSuitesSequentially(TestNG.java:1301)
	at org.testng.TestNG.runSuitesLocally(TestNG.java:1228)
	at org.testng.TestNG.runSuites(TestNG.java:1134)
	at org.testng.TestNG.run(TestNG.java:1101)
	at org.apache.maven.surefire.testng.TestNGExecutor.run(TestNGExecutor.java:308)
	at org.apache.maven.surefire.testng.TestNGXmlTestSuite.execute(TestNGXmlTestSuite.java:71)
	at org.apache.maven.surefire.testng.TestNGProvider.invoke(TestNGProvider.java:113)
	at org.apache.maven.surefire.booter.ForkedBooter.runSuitesInProcess(ForkedBooter.java:385)
	at org.apache.maven.surefire.booter.ForkedBooter.execute(ForkedBooter.java:162)
	at org.apache.maven.surefire.booter.ForkedBooter.run(ForkedBooter.java:507)
	at org.apache.maven.surefire.booter.ForkedBooter.main(ForkedBooter.java:495)
]]></failure>
    <system-out><![CDATA[
Scenario: Invalid Password                # src/test/resources/features/login.feature:8
https://orthocare-provider.stage-insights.restoreskills.com/
  Given user is on login page             # stepdefinitions.LoginSteps.user_on_login_page()
  When user logs in with invalid Password
  Then user should land on login page
]]></system-out>
    <system-err><![CDATA[Apr 12, 2025 8:59:28 AM org.openqa.selenium.devtools.CdpVersionFinder findNearestMatch
WARNING: Unable to find CDP implementation matching 135
Apr 12, 2025 8:59:28 AM org.openqa.selenium.chromium.ChromiumDriver lambda$new$5
WARNING: Unable to find version of CDP to use for 135.0.7049.85. You may need to include a dependency on a specific version of the CDP using something similar to `org.seleniumhq.selenium:selenium-devtools-v86:4.21.0` where the version ("v86") matches the version of the chromium-based browser you're using and the version number of the artifact is the same as Selenium's.
]]></system-err>
  </testcase>
</testsuite>